# JRE version: Java(TM) SE Runtime Environment 18.9 (11.0.10+8) (build 11.0.10+8-LTS-162)
# Java VM: Java HotSpot(TM) 64-Bit Server VM 18.9 (11.0.10+8-LTS-162, mixed mode, tiered, compressed oops, g1 gc, windows-amd64)
Heap:
 garbage-first heap   total 260096K, used 59843K [0x00000000e0000000, 0x0000000100000000)
  region size 1024K, 51 young (52224K), 11 survivors (11264K)
 Metaspace       used 51659K, capacity 53064K, committed 53292K, reserved 1095680K
  class space    used 6430K, capacity 6994K, committed 7040K, reserved 1048576K
GC Heap History (10 events):
Event: 2.321 GC heap before
{Heap before GC invocations=2 (full 0):
 garbage-first heap   total 260096K, used 43343K [0x00000000e0000000, 0x0000000100000000)
  region size 1024K, 35 young (35840K), 1 survivors (1024K)
 Metaspace       used 20407K, capacity 21059K, committed 21248K, reserved 1069056K
  class space    used 2311K, capacity 2535K, committed 2560K, reserved 1048576K
}
Event: 2.324 GC heap after
{Heap after GC invocations=3 (full 0):
 garbage-first heap   total 260096K, used 10495K [0x00000000e0000000, 0x0000000100000000)
  region size 1024K, 2 young (2048K), 2 survivors (2048K)
 Metaspace       used 20407K, capacity 21059K, committed 21248K, reserved 1069056K
  class space    used 2311K, capacity 2535K, committed 2560K, reserved 1048576K
}
Event: 3.033 GC heap before
{Heap before GC invocations=4 (full 0):
 garbage-first heap   total 260096K, used 65791K [0x00000000e0000000, 0x0000000100000000)
  region size 1024K, 56 young (57344K), 2 survivors (2048K)
 Metaspace       used 27110K, capacity 28086K, committed 28288K, reserved 1073152K
  class space    used 3210K, capacity 3591K, committed 3712K, reserved 1048576K
}
Event: 3.037 GC heap after
{Heap after GC invocations=5 (full 0):
 garbage-first heap   total 260096K, used 12138K [0x00000000e0000000, 0x0000000100000000)
  region size 1024K, 4 young (4096K), 4 survivors (4096K)
 Metaspace       used 27110K, capacity 28086K, committed 28288K, reserved 1073152K
  class space    used 3210K, capacity 3591K, committed 3712K, reserved 1048576K
}
Event: 3.560 GC heap before
{Heap before GC invocations=5 (full 0):
 garbage-first heap   total 260096K, used 101226K [0x00000000e0000000, 0x0000000100000000)
  region size 1024K, 91 young (93184K), 4 survivors (4096K)
 Metaspace       used 33676K, capacity 34765K, committed 34944K, reserved 1079296K
  class space    used 3933K, capacity 4370K, committed 4480K, reserved 1048576K
}
Event: 3.567 GC heap after
{Heap after GC invocations=6 (full 0):
 garbage-first heap   total 260096K, used 14146K [0x00000000e0000000, 0x0000000100000000)
  region size 1024K, 6 young (6144K), 6 survivors (6144K)
 Metaspace       used 33676K, capacity 34765K, committed 34944K, reserved 1079296K
  class space    used 3933K, capacity 4370K, committed 4480K, reserved 1048576K
}
Event: 3.660 GC heap before
{Heap before GC invocations=6 (full 0):
 garbage-first heap   total 260096K, used 23362K [0x00000000e0000000, 0x0000000100000000)
  region size 1024K, 16 young (16384K), 6 survivors (6144K)
 Metaspace       used 34459K, capacity 35510K, committed 35628K, reserved 1081344K
  class space    used 4031K, capacity 4468K, committed 4480K, reserved 1048576K
}
Event: 3.666 GC heap after
{Heap after GC invocations=7 (full 0):
 garbage-first heap   total 260096K, used 14540K [0x00000000e0000000, 0x0000000100000000)
  region size 1024K, 6 young (6144K), 6 survivors (6144K)
 Metaspace       used 34459K, capacity 35510K, committed 35628K, reserved 1081344K
  class space    used 4031K, capacity 4468K, committed 4480K, reserved 1048576K
}
Event: 5.914 GC heap before
{Heap before GC invocations=8 (full 0):
 garbage-first heap   total 260096K, used 164044K [0x00000000e0000000, 0x0000000100000000)
  region size 1024K, 152 young (155648K), 6 survivors (6144K)
 Metaspace       used 47605K, capacity 49001K, committed 49324K, reserved 1091584K
  class space    used 5735K, capacity 6285K, committed 6400K, reserved 1048576K
}
Event: 5.924 GC heap after
{Heap after GC invocations=9 (full 0):
 garbage-first heap   total 260096K, used 19907K [0x00000000e0000000, 0x0000000100000000)
  region size 1024K, 11 young (11264K), 11 survivors (11264K)
 Metaspace       used 47605K, capacity 49001K, committed 49324K, reserved 1091584K
  class space    used 5735K, capacity 6285K, committed 6400K, reserved 1048576K
}

