# JRE version: Java(TM) SE Runtime Environment 18.9 (11.0.10+8) (build 11.0.10+8-LTS-162)
# Java VM: Java HotSpot(TM) 64-Bit Server VM 18.9 (11.0.10+8-LTS-162, mixed mode, tiered, compressed oops, g1 gc, windows-amd64)
Heap:
 garbage-first heap   total 262144K, used 45459K [0x00000000e0000000, 0x0000000100000000)
  region size 1024K, 21 young (21504K), 16 survivors (16384K)
 Metaspace       used 56995K, capacity 58543K, committed 58832K, reserved 305152K
  class space    used 7357K, capacity 7966K, committed 8064K, reserved 253952K
GC Heap History (10 events):
Event: 3.713 GC heap before
{Heap before GC invocations=1 (full 0):
 garbage-first heap   total 262144K, used 111744K [0x00000000e0000000, 0x0000000100000000)
  region size 1024K, 104 young (106496K), 3 survivors (3072K)
 Metaspace       used 20738K, capacity 21195K, committed 21296K, reserved 274432K
  class space    used 2523K, capacity 2681K, committed 2688K, reserved 253952K
}
Event: 3.721 GC heap after
{Heap after GC invocations=2 (full 0):
 garbage-first heap   total 262144K, used 17014K [0x00000000e0000000, 0x0000000100000000)
  region size 1024K, 11 young (11264K), 11 survivors (11264K)
 Metaspace       used 20738K, capacity 21195K, committed 21296K, reserved 274432K
  class space    used 2523K, capacity 2681K, committed 2688K, reserved 253952K
}
Event: 4.601 GC heap before
{Heap before GC invocations=3 (full 0):
 garbage-first heap   total 262144K, used 84598K [0x00000000e0000000, 0x0000000100000000)
  region size 1024K, 77 young (78848K), 11 survivors (11264K)
 Metaspace       used 27671K, capacity 28332K, committed 28592K, reserved 280576K
  class space    used 3586K, capacity 3812K, committed 3840K, reserved 253952K
}
Event: 4.613 GC heap after
{Heap after GC invocations=4 (full 0):
 garbage-first heap   total 262144K, used 19337K [0x00000000e0000000, 0x0000000100000000)
  region size 1024K, 3 young (3072K), 3 survivors (3072K)
 Metaspace       used 27671K, capacity 28332K, committed 28592K, reserved 280576K
  class space    used 3586K, capacity 3812K, committed 3840K, reserved 253952K
}
Event: 5.528 GC heap before
{Heap before GC invocations=4 (full 0):
 garbage-first heap   total 262144K, used 73609K [0x00000000e0000000, 0x0000000100000000)
  region size 1024K, 57 young (58368K), 3 survivors (3072K)
 Metaspace       used 35047K, capacity 35884K, committed 35920K, reserved 286720K
  class space    used 4522K, capacity 4863K, committed 4864K, reserved 253952K
}
Event: 5.535 GC heap after
{Heap after GC invocations=5 (full 0):
 garbage-first heap   total 262144K, used 22213K [0x00000000e0000000, 0x0000000100000000)
  region size 1024K, 6 young (6144K), 6 survivors (6144K)
 Metaspace       used 35047K, capacity 35884K, committed 35920K, reserved 286720K
  class space    used 4522K, capacity 4863K, committed 4864K, reserved 253952K
}
Event: 7.117 GC heap before
{Heap before GC invocations=6 (full 0):
 garbage-first heap   total 262144K, used 139973K [0x00000000e0000000, 0x0000000100000000)
  region size 1024K, 118 young (120832K), 6 survivors (6144K)
 Metaspace       used 45662K, capacity 46886K, committed 47056K, reserved 294912K
  class space    used 5758K, capacity 6185K, committed 6272K, reserved 253952K
}
Event: 7.129 GC heap after
{Heap after GC invocations=7 (full 0):
 garbage-first heap   total 262144K, used 30049K [0x00000000e0000000, 0x0000000100000000)
  region size 1024K, 14 young (14336K), 14 survivors (14336K)
 Metaspace       used 45662K, capacity 46886K, committed 47056K, reserved 294912K
  class space    used 5758K, capacity 6185K, committed 6272K, reserved 253952K
}
Event: 9.069 GC heap before
{Heap before GC invocations=8 (full 0):
 garbage-first heap   total 262144K, used 166241K [0x00000000e0000000, 0x0000000100000000)
  region size 1024K, 144 young (147456K), 14 survivors (14336K)
 Metaspace       used 56615K, capacity 58191K, committed 58448K, reserved 305152K
  class space    used 7319K, capacity 7934K, committed 7936K, reserved 253952K
}
Event: 9.092 GC heap after
{Heap after GC invocations=9 (full 0):
 garbage-first heap   total 262144K, used 41363K [0x00000000e0000000, 0x0000000100000000)
  region size 1024K, 16 young (16384K), 16 survivors (16384K)
 Metaspace       used 56615K, capacity 58191K, committed 58448K, reserved 305152K
  class space    used 7319K, capacity 7934K, committed 7936K, reserved 253952K
}

